<?xml version="1.0" encoding="UTF-8"?>
<!-- Generated by org.testng.reporters.JUnitReportReporter -->
<testsuite skipped="0" hostname="BLRL79035" name="SDET.Practice.AmazonBuy.PruchaseTest" tests="4" failures="0" timestamp="14 Jun 2020 10:07:15 GMT" time="41.903" errors="0">
  <testcase name="testPayment" time="10.366" classname="SDET.Practice.AmazonBuy.PruchaseTest"/>
  <testcase name="testPayment" time="9.896" classname="SDET.Practice.AmazonBuy.PruchaseTest"/>
  <testcase name="testPayment" time="12.040" classname="SDET.Practice.AmazonBuy.PruchaseTest"/>
  <testcase name="testPayment" time="9.601" classname="SDET.Practice.AmazonBuy.PruchaseTest"/>
</testsuite> <!-- SDET.Practice.AmazonBuy.PruchaseTest -->
