<?xml version="1.0" encoding="UTF-8"?>
<!-- Generated by org.testng.reporters.JUnitReportReporter -->
<testsuite skipped="0" hostname="BLRL79035" name="SDET.Supplier.SupplierInSelenium" tests="1" failures="0" timestamp="12 Jun 2020 13:30:54 GMT" time="3.660" errors="0">
  <testcase name="test" time="3.660" classname="SDET.Supplier.SupplierInSelenium"/>
</testsuite> <!-- SDET.Supplier.SupplierInSelenium -->
