<?xml version="1.0" encoding="UTF-8"?>
<!-- Generated by org.testng.reporters.JUnitReportReporter -->
<testsuite skipped="0" hostname="BLRL79035" name="SDET.CheckBoxAssignment.CheckBoxAssignment" tests="1" failures="0" timestamp="18 Jun 2020 17:04:08 GMT" time="13.791" errors="0">
  <testcase name="funCheckBox" time="13.791" classname="SDET.CheckBoxAssignment.CheckBoxAssignment"/>
</testsuite> <!-- SDET.CheckBoxAssignment.CheckBoxAssignment -->
